<?xml version="1.0" encoding="UTF-8"?>
<!-- Generated by org.testng.reporters.JUnitReportReporter -->
<testsuite hostname="LAPTOP-5KMFOFH9" failures="0" tests="1" name="com.DriverSessionWays.DriverSessionWithUIAutomator2OptionsClass" time="11.130" errors="0" timestamp="2025-02-06T21:52:38 IST" skipped="0">
  <testcase classname="com.DriverSessionWays.DriverSessionWithUIAutomator2OptionsClass" name="testDriverSession" time="11.130"/>
  <system-out/>
</testsuite> <!-- com.DriverSessionWays.DriverSessionWithUIAutomator2OptionsClass -->
