<?xml version="1.0" encoding="UTF-8"?>
<!-- Generated by org.testng.reporters.JUnitReportReporter -->
<testsuite hostname="LAPTOP-5KMFOFH9" failures="0" tests="1" name="com.MobileAppScenario.MobileLocatorsDemo" time="10.623" errors="0" timestamp="2025-02-06T22:29:51 IST" skipped="0">
  <testcase classname="com.MobileAppScenario.MobileLocatorsDemo" name="testLocator" time="10.623"/>
  <system-out/>
</testsuite> <!-- com.MobileAppScenario.MobileLocatorsDemo -->
