<?xml version="1.0" encoding="UTF-8"?>
<!-- Generated by org.testng.reporters.JUnitReportReporter -->
<testsuite hostname="LAPTOP-5KMFOFH9" failures="0" tests="1" name="com.DriverSessionWays.DriverSessionWithDesiredCapabilities" time="18.630" errors="0" timestamp="2025-02-06T21:40:10 IST" skipped="0">
  <testcase classname="com.DriverSessionWays.DriverSessionWithDesiredCapabilities" name="testFirstDriverSession" time="18.630"/>
  <system-out/>
</testsuite> <!-- com.DriverSessionWays.DriverSessionWithDesiredCapabilities -->
